Arguments: 
  /usr/bin/node /usr/share/yarn/bin/yarn.js add parcel@next

PATH: 
  /home/rachit/.deno/bin:/home/rachit/.deno/bin:/home/rachit/.local/bin:/usr/local/sbin:/usr/local/bin:/usr/sbin:/usr/bin:/sbin:/bin:/usr/games:/usr/local/games:/snap/bin:/usr/local/go/bin:/home/rachit/Android/Sdk/emulator:/home/rachit/Android/Sdk/tools:/home/rachit/Android/Sdk/tools/bin:/home/rachit/Android/Sdk/platform-tools:/home/rachit/Android/Sdk/platform-tools:/home/rachit/Android/Sdk/emulator:/home/rachit/Android/Sdk/tools:/home/rachit/Android/Sdk/tools/bin:/home/rachit/Android/Sdk/platform-tools:/home/rachit/Android/Sdk/platform-tools

Yarn version: 
  1.22.5

Node version: 
  12.19.0

Platform: 
  linux x64

Trace: 
  Error: https://registry.yarnpkg.com/parcel: ESOCKETTIMEDOUT
      at ClientRequest.<anonymous> (/usr/share/yarn/lib/cli.js:141376:19)
      at Object.onceWrapper (events.js:420:28)
      at ClientRequest.emit (events.js:314:20)
      at TLSSocket.emitRequestTimeout (_http_client.js:716:9)
      at Object.onceWrapper (events.js:420:28)
      at TLSSocket.emit (events.js:326:22)
      at TLSSocket.Socket._onTimeout (net.js:484:8)
      at listOnTimeout (internal/timers.js:554:17)
      at processTimers (internal/timers.js:497:7)

npm manifest: 
  {
    "name": "web",
    "version": "1.0.0",
    "description": "Demo to interact with harmony web wallets",
    "main": "index.js",
    "scripts": {
      "test": "echo \"Error: no test specified\" && exit 1"
    },
    "author": "Rachit Anand",
    "license": "ISC",
    "dependencies": {
      "@harmony-js/contract": "^0.1.55",
      "@harmony-js/core": "^0.1.55",
      "@harmony-js/utils": "^0.1.55",
      "eslint": "^7.13.0",
      "eslint-config-prettier": "^6.15.0",
      "eslint-plugin-import": "^2.22.1",
      "prettier": "^2.1.2"
    },
    "browserslist": [
      "last 2 Firefox versions",
      "last 2 Chrome versions"
    ]
  }

yarn manifest: 
  No manifest

Lockfile: 
  No lockfile
